<?xml version="1.0" encoding="UTF-8"?>
<!-- Generated by org.testng.reporters.JUnitXMLReporter -->
<testsuite ignored="3" hostname="BOOK-4QTRLAP57K" failures="0" tests="1" name="Test" time="7.372" errors="0" timestamp="2025-04-16T13:01:43 IST">
  <testcase classname="demoPackage.LoginPageTest" name="verifyLoginWithValidCredentials" time="0.932"/>
  <testcase classname="demoPackage.LoginPageTest" name="verifyLoginWithValidUsernameAndInvalidPswd" time="0.0">
    <ignored/>
  </testcase> <!-- verifyLoginWithValidUsernameAndInvalidPswd -->
  <testcase classname="demoPackage.LoginPageTest" name="verifyLoginWithInvalidCredentials" time="0.0">
    <ignored/>
  </testcase> <!-- verifyLoginWithInvalidCredentials -->
  <testcase classname="demoPackage.LoginPageTest" name="verifyLoginWithInvalidUsernameAndPswd" time="0.0">
    <ignored/>
  </testcase> <!-- verifyLoginWithInvalidUsernameAndPswd -->
</testsuite> <!-- Test -->
